[2026-03-23 14:28:05,919: INFO: common: yaml file: config\config.yaml loaded successfully]
[2026-03-23 14:28:05,961: INFO: common: yaml file: params.yaml loaded successfully]
[2026-03-23 14:28:05,974: INFO: common: created directory at: artifacts]
[2026-03-23 14:28:05,982: INFO: common: created directory at: artifacts/data_transformation]
[2026-03-23 14:28:07,252: INFO: _client: HTTP Request: HEAD https://huggingface.co/google/pegasus-cnn_dailymail/resolve/main/config.json "HTTP/1.1 307 Temporary Redirect"]
[2026-03-23 14:28:07,321: INFO: _client: HTTP Request: HEAD https://huggingface.co/api/resolve-cache/models/google/pegasus-cnn_dailymail/40d588fdab0cc077b80d950b300bf66ad3c75b92/config.json "HTTP/1.1 200 OK"]
[2026-03-23 14:28:07,427: INFO: _client: HTTP Request: GET https://huggingface.co/api/resolve-cache/models/google/pegasus-cnn_dailymail/40d588fdab0cc077b80d950b300bf66ad3c75b92/config.json "HTTP/1.1 200 OK"]
[2026-03-23 14:28:08,389: INFO: _client: HTTP Request: HEAD https://huggingface.co/google/pegasus-cnn_dailymail/resolve/main/tokenizer_config.json "HTTP/1.1 307 Temporary Redirect"]
[2026-03-23 14:28:08,436: INFO: _client: HTTP Request: HEAD https://huggingface.co/api/resolve-cache/models/google/pegasus-cnn_dailymail/40d588fdab0cc077b80d950b300bf66ad3c75b92/tokenizer_config.json "HTTP/1.1 200 OK"]
[2026-03-23 14:28:08,509: INFO: _client: HTTP Request: GET https://huggingface.co/api/resolve-cache/models/google/pegasus-cnn_dailymail/40d588fdab0cc077b80d950b300bf66ad3c75b92/tokenizer_config.json "HTTP/1.1 200 OK"]
[2026-03-23 14:28:08,851: INFO: _client: HTTP Request: GET https://huggingface.co/api/models/google/pegasus-cnn_dailymail/tree/main/additional_chat_templates?recursive=false&expand=false "HTTP/1.1 404 Not Found"]
[2026-03-23 14:28:09,148: INFO: _client: HTTP Request: GET https://huggingface.co/api/models/google/pegasus-cnn_dailymail/tree/main?recursive=true&expand=false "HTTP/1.1 200 OK"]
[2026-03-23 14:28:09,453: INFO: _client: HTTP Request: HEAD https://huggingface.co/google/pegasus-cnn_dailymail/resolve/main/spiece.model "HTTP/1.1 307 Temporary Redirect"]
[2026-03-23 14:28:09,500: INFO: _client: HTTP Request: HEAD https://huggingface.co/api/resolve-cache/models/google/pegasus-cnn_dailymail/40d588fdab0cc077b80d950b300bf66ad3c75b92/spiece.model "HTTP/1.1 200 OK"]
[2026-03-23 14:28:09,595: INFO: _client: HTTP Request: GET https://huggingface.co/api/resolve-cache/models/google/pegasus-cnn_dailymail/40d588fdab0cc077b80d950b300bf66ad3c75b92/spiece.model "HTTP/1.1 200 OK"]
[2026-03-23 14:28:10,199: INFO: _client: HTTP Request: HEAD https://huggingface.co/google/pegasus-cnn_dailymail/resolve/main/tokenizer.json "HTTP/1.1 404 Not Found"]
[2026-03-23 14:28:10,504: INFO: _client: HTTP Request: HEAD https://huggingface.co/google/pegasus-cnn_dailymail/resolve/main/added_tokens.json "HTTP/1.1 404 Not Found"]
[2026-03-23 14:28:10,789: INFO: _client: HTTP Request: HEAD https://huggingface.co/google/pegasus-cnn_dailymail/resolve/main/special_tokens_map.json "HTTP/1.1 307 Temporary Redirect"]
[2026-03-23 14:28:10,855: INFO: _client: HTTP Request: HEAD https://huggingface.co/api/resolve-cache/models/google/pegasus-cnn_dailymail/40d588fdab0cc077b80d950b300bf66ad3c75b92/special_tokens_map.json "HTTP/1.1 200 OK"]
[2026-03-23 14:28:10,927: INFO: _client: HTTP Request: GET https://huggingface.co/api/resolve-cache/models/google/pegasus-cnn_dailymail/40d588fdab0cc077b80d950b300bf66ad3c75b92/special_tokens_map.json "HTTP/1.1 200 OK"]
[2026-03-23 14:28:11,213: INFO: _client: HTTP Request: HEAD https://huggingface.co/google/pegasus-cnn_dailymail/resolve/main/chat_template.jinja "HTTP/1.1 404 Not Found"]
[2026-03-23 14:28:54,564: INFO: common: yaml file: config\config.yaml loaded successfully]
[2026-03-23 14:28:54,567: INFO: common: yaml file: params.yaml loaded successfully]
[2026-03-23 14:28:54,569: INFO: common: created directory at: artifacts]
[2026-03-23 14:28:54,572: INFO: common: created directory at: artifacts/data_transformation]
[2026-03-23 14:28:54,990: INFO: _client: HTTP Request: HEAD https://huggingface.co/google/pegasus-cnn_dailymail/resolve/main/config.json "HTTP/1.1 307 Temporary Redirect"]
[2026-03-23 14:28:54,992: WARNING: _http: Warning: You are sending unauthenticated requests to the HF Hub. Please set a HF_TOKEN to enable higher rate limits and faster downloads.]
[2026-03-23 14:28:55,047: INFO: _client: HTTP Request: HEAD https://huggingface.co/api/resolve-cache/models/google/pegasus-cnn_dailymail/40d588fdab0cc077b80d950b300bf66ad3c75b92/config.json "HTTP/1.1 200 OK"]
[2026-03-23 14:28:55,332: INFO: _client: HTTP Request: HEAD https://huggingface.co/google/pegasus-cnn_dailymail/resolve/main/tokenizer_config.json "HTTP/1.1 307 Temporary Redirect"]
[2026-03-23 14:28:55,387: INFO: _client: HTTP Request: HEAD https://huggingface.co/api/resolve-cache/models/google/pegasus-cnn_dailymail/40d588fdab0cc077b80d950b300bf66ad3c75b92/tokenizer_config.json "HTTP/1.1 200 OK"]
[2026-03-23 14:28:55,659: INFO: _client: HTTP Request: GET https://huggingface.co/api/models/google/pegasus-cnn_dailymail/tree/main/additional_chat_templates?recursive=false&expand=false "HTTP/1.1 404 Not Found"]
[2026-03-23 14:28:55,945: INFO: _client: HTTP Request: GET https://huggingface.co/api/models/google/pegasus-cnn_dailymail/tree/main?recursive=true&expand=false "HTTP/1.1 200 OK"]
[2026-03-23 14:29:25,938: INFO: common: yaml file: config\config.yaml loaded successfully]
[2026-03-23 14:29:25,940: INFO: common: yaml file: params.yaml loaded successfully]
[2026-03-23 14:29:25,942: INFO: common: created directory at: artifacts]
[2026-03-23 14:29:25,945: INFO: common: created directory at: artifacts/data_transformation]
[2026-03-23 14:29:26,342: INFO: _client: HTTP Request: HEAD https://huggingface.co/google/pegasus-cnn_dailymail/resolve/main/config.json "HTTP/1.1 307 Temporary Redirect"]
[2026-03-23 14:29:26,390: INFO: _client: HTTP Request: HEAD https://huggingface.co/api/resolve-cache/models/google/pegasus-cnn_dailymail/40d588fdab0cc077b80d950b300bf66ad3c75b92/config.json "HTTP/1.1 200 OK"]
[2026-03-23 14:29:26,688: INFO: _client: HTTP Request: HEAD https://huggingface.co/google/pegasus-cnn_dailymail/resolve/main/tokenizer_config.json "HTTP/1.1 307 Temporary Redirect"]
[2026-03-23 14:29:26,743: INFO: _client: HTTP Request: HEAD https://huggingface.co/api/resolve-cache/models/google/pegasus-cnn_dailymail/40d588fdab0cc077b80d950b300bf66ad3c75b92/tokenizer_config.json "HTTP/1.1 200 OK"]
[2026-03-23 14:29:27,039: INFO: _client: HTTP Request: GET https://huggingface.co/api/models/google/pegasus-cnn_dailymail/tree/main/additional_chat_templates?recursive=false&expand=false "HTTP/1.1 404 Not Found"]
[2026-03-23 14:29:27,322: INFO: _client: HTTP Request: GET https://huggingface.co/api/models/google/pegasus-cnn_dailymail/tree/main?recursive=true&expand=false "HTTP/1.1 200 OK"]
[2026-03-23 14:29:33,794: INFO: common: yaml file: config\config.yaml loaded successfully]
[2026-03-23 14:29:33,797: INFO: common: yaml file: params.yaml loaded successfully]
[2026-03-23 14:29:33,798: INFO: common: created directory at: artifacts]
[2026-03-23 14:29:33,799: INFO: common: created directory at: artifacts/data_transformation]
[2026-03-23 14:29:34,161: INFO: _client: HTTP Request: HEAD https://huggingface.co/google/pegasus-cnn_dailymail/resolve/main/config.json "HTTP/1.1 307 Temporary Redirect"]
[2026-03-23 14:29:34,206: INFO: _client: HTTP Request: HEAD https://huggingface.co/api/resolve-cache/models/google/pegasus-cnn_dailymail/40d588fdab0cc077b80d950b300bf66ad3c75b92/config.json "HTTP/1.1 200 OK"]
[2026-03-23 14:29:34,473: INFO: _client: HTTP Request: HEAD https://huggingface.co/google/pegasus-cnn_dailymail/resolve/main/tokenizer_config.json "HTTP/1.1 307 Temporary Redirect"]
[2026-03-23 14:29:34,522: INFO: _client: HTTP Request: HEAD https://huggingface.co/api/resolve-cache/models/google/pegasus-cnn_dailymail/40d588fdab0cc077b80d950b300bf66ad3c75b92/tokenizer_config.json "HTTP/1.1 200 OK"]
[2026-03-23 14:29:34,806: INFO: _client: HTTP Request: GET https://huggingface.co/api/models/google/pegasus-cnn_dailymail/tree/main/additional_chat_templates?recursive=false&expand=false "HTTP/1.1 404 Not Found"]
[2026-03-23 14:29:35,081: INFO: _client: HTTP Request: GET https://huggingface.co/api/models/google/pegasus-cnn_dailymail/tree/main?recursive=true&expand=false "HTTP/1.1 200 OK"]
